# JRE version: Java(TM) SE Runtime Environment (8.0_152-b16) (build 1.8.0_152-b16)
# Java VM: Java HotSpot(TM) 64-Bit Server VM (25.152-b16 mixed mode windows-amd64 compressed oops)
Heap:
 PSYoungGen      total 200704K, used 16185K [0x000000076bd00000, 0x0000000778d80000, 0x00000007c0000000)
  eden space 188416K, 8% used [0x000000076bd00000,0x000000076ccce720,0x0000000777500000)
  from space 12288K, 0% used [0x0000000777500000,0x0000000777500000,0x0000000778100000)
  to   space 10752K, 0% used [0x0000000778100000,0x0000000778100000,0x0000000778b80000)
 ParOldGen       total 167936K, used 28187K [0x00000006c3600000, 0x00000006cda00000, 0x000000076bd00000)
  object space 167936K, 16% used [0x00000006c3600000,0x00000006c5186c08,0x00000006cda00000)
 Metaspace       used 57119K, capacity 59506K, committed 59668K, reserved 1101824K
  class space    used 7287K, capacity 7703K, committed 7808K, reserved 1048576K
GC Heap History (10 events):
Event: 3.787 GC heap before
{Heap before GC invocations=8 (full 2):
 PSYoungGen      total 142848K, used 9505K [0x000000076bd00000, 0x0000000778400000, 0x00000007c0000000)
  eden space 133120K, 0% used [0x000000076bd00000,0x000000076bd00000,0x0000000773f00000)
  from space 9728K, 97% used [0x0000000774900000,0x0000000775248498,0x0000000775280000)
  to   space 10240K, 0% used [0x0000000773f00000,0x0000000773f00000,0x0000000774900000)
 ParOldGen       total 107008K, used 8123K [0x00000006c3600000, 0x00000006c9e80000, 0x000000076bd00000)
  object space 107008K, 7% used [0x00000006c3600000,0x00000006c3deed68,0x00000006c9e80000)
 Metaspace       used 34093K, capacity 35308K, committed 35416K, reserved 1081344K
  class space    used 4307K, capacity 4562K, committed 4608K, reserved 1048576K
Event: 3.815 GC heap after
Heap after GC invocations=8 (full 2):
 PSYoungGen      total 142848K, used 0K [0x000000076bd00000, 0x0000000778400000, 0x00000007c0000000)
  eden space 133120K, 0% used [0x000000076bd00000,0x000000076bd00000,0x0000000773f00000)
  from space 9728K, 0% used [0x0000000774900000,0x0000000774900000,0x0000000775280000)
  to   space 10240K, 0% used [0x0000000773f00000,0x0000000773f00000,0x0000000774900000)
 ParOldGen       total 167936K, used 14226K [0x00000006c3600000, 0x00000006cda00000, 0x000000076bd00000)
  object space 167936K, 8% used [0x00000006c3600000,0x00000006c43e4b18,0x00000006cda00000)
 Metaspace       used 34093K, capacity 35308K, committed 35416K, reserved 1081344K
  class space    used 4307K, capacity 4562K, committed 4608K, reserved 1048576K
}
Event: 4.884 GC heap before
{Heap before GC invocations=9 (full 2):
 PSYoungGen      total 142848K, used 133120K [0x000000076bd00000, 0x0000000778400000, 0x00000007c0000000)
  eden space 133120K, 100% used [0x000000076bd00000,0x0000000773f00000,0x0000000773f00000)
  from space 9728K, 0% used [0x0000000774900000,0x0000000774900000,0x0000000775280000)
  to   space 10240K, 0% used [0x0000000773f00000,0x0000000773f00000,0x0000000774900000)
 ParOldGen       total 167936K, used 14226K [0x00000006c3600000, 0x00000006cda00000, 0x000000076bd00000)
  object space 167936K, 8% used [0x00000006c3600000,0x00000006c43e4b18,0x00000006cda00000)
 Metaspace       used 42209K, capacity 44102K, committed 44416K, reserved 1087488K
  class space    used 5321K, capacity 5657K, committed 5760K, reserved 1048576K
Event: 4.892 GC heap after
Heap after GC invocations=9 (full 2):
 PSYoungGen      total 143360K, used 9982K [0x000000076bd00000, 0x0000000778b80000, 0x00000007c0000000)
  eden space 133120K, 0% used [0x000000076bd00000,0x000000076bd00000,0x0000000773f00000)
  from space 10240K, 97% used [0x0000000773f00000,0x00000007748bf928,0x0000000774900000)
  to   space 10752K, 0% used [0x0000000778100000,0x0000000778100000,0x0000000778b80000)
 ParOldGen       total 167936K, used 14234K [0x00000006c3600000, 0x00000006cda00000, 0x000000076bd00000)
  object space 167936K, 8% used [0x00000006c3600000,0x00000006c43e6b18,0x00000006cda00000)
 Metaspace       used 42209K, capacity 44102K, committed 44416K, reserved 1087488K
  class space    used 5321K, capacity 5657K, committed 5760K, reserved 1048576K
}
Event: 5.740 GC heap before
{Heap before GC invocations=10 (full 2):
 PSYoungGen      total 143360K, used 143102K [0x000000076bd00000, 0x0000000778b80000, 0x00000007c0000000)
  eden space 133120K, 100% used [0x000000076bd00000,0x0000000773f00000,0x0000000773f00000)
  from space 10240K, 97% used [0x0000000773f00000,0x00000007748bf928,0x0000000774900000)
  to   space 10752K, 0% used [0x0000000778100000,0x0000000778100000,0x0000000778b80000)
 ParOldGen       total 167936K, used 14234K [0x00000006c3600000, 0x00000006cda00000, 0x000000076bd00000)
  object space 167936K, 8% used [0x00000006c3600000,0x00000006c43e6b18,0x00000006cda00000)
 Metaspace       used 49016K, capacity 51082K, committed 51200K, reserved 1093632K
  class space    used 6220K, capacity 6619K, committed 6656K, reserved 1048576K
Event: 5.747 GC heap after
Heap after GC invocations=10 (full 2):
 PSYoungGen      total 199168K, used 10739K [0x000000076bd00000, 0x0000000778d80000, 0x00000007c0000000)
  eden space 188416K, 0% used [0x000000076bd00000,0x000000076bd00000,0x0000000777500000)
  from space 10752K, 99% used [0x0000000778100000,0x0000000778b7cde0,0x0000000778b80000)
  to   space 12288K, 0% used [0x0000000777500000,0x0000000777500000,0x0000000778100000)
 ParOldGen       total 167936K, used 15720K [0x00000006c3600000, 0x00000006cda00000, 0x000000076bd00000)
  object space 167936K, 9% used [0x00000006c3600000,0x00000006c455a200,0x00000006cda00000)
 Metaspace       used 49016K, capacity 51082K, committed 51200K, reserved 1093632K
  class space    used 6220K, capacity 6619K, committed 6656K, reserved 1048576K
}
Event: 7.312 GC heap before
{Heap before GC invocations=11 (full 2):
 PSYoungGen      total 199168K, used 158392K [0x000000076bd00000, 0x0000000778d80000, 0x00000007c0000000)
  eden space 188416K, 78% used [0x000000076bd00000,0x0000000774d312a8,0x0000000777500000)
  from space 10752K, 99% used [0x0000000778100000,0x0000000778b7cde0,0x0000000778b80000)
  to   space 12288K, 0% used [0x0000000777500000,0x0000000777500000,0x0000000778100000)
 ParOldGen       total 167936K, used 15720K [0x00000006c3600000, 0x00000006cda00000, 0x000000076bd00000)
  object space 167936K, 9% used [0x00000006c3600000,0x00000006c455a200,0x00000006cda00000)
 Metaspace       used 56569K, capacity 58956K, committed 59028K, reserved 1101824K
  class space    used 7201K, capacity 7630K, committed 7680K, reserved 1048576K
Event: 7.323 GC heap after
Heap after GC invocations=11 (full 2):
 PSYoungGen      total 200704K, used 12257K [0x000000076bd00000, 0x0000000778d80000, 0x00000007c0000000)
  eden space 188416K, 0% used [0x000000076bd00000,0x000000076bd00000,0x0000000777500000)
  from space 12288K, 99% used [0x0000000777500000,0x00000007780f84e0,0x0000000778100000)
  to   space 10752K, 0% used [0x0000000778100000,0x0000000778100000,0x0000000778b80000)
 ParOldGen       total 167936K, used 21584K [0x00000006c3600000, 0x00000006cda00000, 0x000000076bd00000)
  object space 167936K, 12% used [0x00000006c3600000,0x00000006c4b14080,0x00000006cda00000)
 Metaspace       used 56569K, capacity 58956K, committed 59028K, reserved 1101824K
  class space    used 7201K, capacity 7630K, committed 7680K, reserved 1048576K
}
Event: 7.323 GC heap before
{Heap before GC invocations=12 (full 3):
 PSYoungGen      total 200704K, used 12257K [0x000000076bd00000, 0x0000000778d80000, 0x00000007c0000000)
  eden space 188416K, 0% used [0x000000076bd00000,0x000000076bd00000,0x0000000777500000)
  from space 12288K, 99% used [0x0000000777500000,0x00000007780f84e0,0x0000000778100000)
  to   space 10752K, 0% used [0x0000000778100000,0x0000000778100000,0x0000000778b80000)
 ParOldGen       total 167936K, used 21584K [0x00000006c3600000, 0x00000006cda00000, 0x000000076bd00000)
  object space 167936K, 12% used [0x00000006c3600000,0x00000006c4b14080,0x00000006cda00000)
 Metaspace       used 56569K, capacity 58956K, committed 59028K, reserved 1101824K
  class space    used 7201K, capacity 7630K, committed 7680K, reserved 1048576K
Event: 7.435 GC heap after
Heap after GC invocations=12 (full 3):
 PSYoungGen      total 200704K, used 0K [0x000000076bd00000, 0x0000000778d80000, 0x00000007c0000000)
  eden space 188416K, 0% used [0x000000076bd00000,0x000000076bd00000,0x0000000777500000)
  from space 12288K, 0% used [0x0000000777500000,0x0000000777500000,0x0000000778100000)
  to   space 10752K, 0% used [0x0000000778100000,0x0000000778100000,0x0000000778b80000)
 ParOldGen       total 167936K, used 28187K [0x00000006c3600000, 0x00000006cda00000, 0x000000076bd00000)
  object space 167936K, 16% used [0x00000006c3600000,0x00000006c5186c08,0x00000006cda00000)
 Metaspace       used 56569K, capacity 58956K, committed 59028K, reserved 1101824K
  class space    used 7201K, capacity 7630K, committed 7680K, reserved 1048576K
}

